<?xml version="1.0" encoding="UTF-8"?>
<!-- Generated by org.testng.reporters.JUnitXMLReporter -->
<testsuite hostname="Dell" ignored="2" name="Default test" tests="1" failures="0" timestamp="07 Apr 2018 15:33:46 GMT" time="0.06" errors="0">
  <testcase name="clickOnNewContactTest" time="0.0" classname="com.crm.testcases.ContactsPageTest">
    <skipped/>
  </testcase> <!-- clickOnNewContactTest -->
  <testcase name="isDisplayedContactsPageContactLabelTest" time="0.0" classname="com.crm.testcases.ContactsPageTest">
    <ignored/>
  </testcase> <!-- isDisplayedContactsPageContactLabelTest -->
  <testcase name="selectContactsByNameTest" time="0.0" classname="com.crm.testcases.ContactsPageTest">
    <ignored/>
  </testcase> <!-- selectContactsByNameTest -->
</testsuite> <!-- Default test -->
