<?xml version="1.0" encoding="UTF-8"?>
<!-- Generated by org.testng.reporters.JUnitXMLReporter -->
<testsuite hostname="Dell" ignored="0" name="Free CRM Test Cases" tests="9" failures="0" timestamp="07 Apr 2018 10:35:37 GMT" time="123.74" errors="0">
  <testcase name="loginPageTitleTest" time="0.096" classname="com.crm.testcases.LoginPageTest"/>
  <testcase name="homePageTitleTest" time="0.023" classname="com.crm.testcases.HomePageTest"/>
  <testcase name="isDisplayedContactsPageContactLabelTest" time="0.074" classname="com.crm.testcases.ContactsPageTest"/>
  <testcase name="loginPageFreeCRMLogoTest" time="0.251" classname="com.crm.testcases.LoginPageTest"/>
  <testcase name="loggedInUserNameTest" time="0.164" classname="com.crm.testcases.HomePageTest"/>
  <testcase name="selectContactsByNameTest" time="0.186" classname="com.crm.testcases.ContactsPageTest"/>
  <testcase name="doLoginTest" time="5.081" classname="com.crm.testcases.LoginPageTest"/>
  <testcase name="clickOnDealsTest" time="0.546" classname="com.crm.testcases.HomePageTest"/>
  <testcase name="clickOnContactsTest" time="0.259" classname="com.crm.testcases.HomePageTest"/>
</testsuite> <!-- Free CRM Test Cases -->
